2019-05-28 09:15:40 +0000  Initial pipeline context: <IDEDistributionProcessingPipelineContext: 0x7f99c00d5990; archive(resolved)='<IDEArchive: 0x7f99b89f2e50>', distributionTask(resolved)='2', distributionDestination(resolved)='1', distributionMethod(resolved)='<IDEDistributionMethodDeveloperID: 0x7f99be69e7e0>', team(resolved)='<IDEProvisioningDisambiguatableBasicTeam: 0x7f99ba83c420; teamID='VJ5N2X84K8', teamName='Takuto Nakamura', teamType='Individual', username='kyomesuke@gmail.com', isFreeProvisioningTeam='0'>'>
	Chain (11, self inclusive):
	<IDEDistributionProcessingPipelineContext: 0x7f99c00d5990; archive = '<IDEArchive: 0x7f99b89f2e50>', distributionMethod='<IDEDistributionMethodDeveloperID: 0x7f99be69e7e0>', team='<IDEProvisioningDisambiguatableBasicTeam: 0x7f99ba83c420; teamID='VJ5N2X84K8', teamName='Takuto Nakamura', teamType='Individual', username='kyomesuke@gmail.com', isFreeProvisioningTeam='0'>'>
	<IDEDistributionProcessingPipelineContext: 0x7f99bfe83000; archive = '<IDEArchive: 0x7f99b89f2e50>', distributionMethod='<IDEDistributionMethodDeveloperID: 0x7f99be69e7e0>', team='<IDEProvisioningDisambiguatableBasicTeam: 0x7f99ba83c420; teamID='VJ5N2X84K8', teamName='Takuto Nakamura', teamType='Individual', username='kyomesuke@gmail.com', isFreeProvisioningTeam='0'>'>
	<IDEDistributionContext: 0x7f99bf214ac0; archive = '<IDEArchive: 0x7f99b89f2e50>', distributionMethod='<IDEDistributionMethodDeveloperID: 0x7f99be69e7e0>', team='<IDEProvisioningDisambiguatableBasicTeam: 0x7f99ba83c420; teamID='VJ5N2X84K8', teamName='Takuto Nakamura', teamType='Individual', username='kyomesuke@gmail.com', isFreeProvisioningTeam='0'>'>
	<IDEDistributionContext: 0x7f99bf12b610; archive = '<IDEArchive: 0x7f99b89f2e50>', distributionMethod='<IDEDistributionMethodDeveloperID: 0x7f99be69e7e0>', team='<IDEProvisioningDisambiguatableBasicTeam: 0x7f99ba83c420; teamID='VJ5N2X84K8', teamName='Takuto Nakamura', teamType='Individual', username='kyomesuke@gmail.com', isFreeProvisioningTeam='0'>'>
	<IDEDistributionContext: 0x7f99c00398f0; archive = '<IDEArchive: 0x7f99b89f2e50>', distributionMethod='<IDEDistributionMethodDeveloperID: 0x7f99be69e7e0>', team='<IDEProvisioningDisambiguatableBasicTeam: 0x7f99ba83c420; teamID='VJ5N2X84K8', teamName='Takuto Nakamura', teamType='Individual', username='kyomesuke@gmail.com', isFreeProvisioningTeam='0'>'>
	<IDEDistributionContext: 0x7f99bff944b0; archive = '<IDEArchive: 0x7f99b89f2e50>', distributionMethod='<IDEDistributionMethodDeveloperID: 0x7f99be69e7e0>', team='<IDEProvisioningDisambiguatableBasicTeam: 0x7f99ba83c420; teamID='VJ5N2X84K8', teamName='Takuto Nakamura', teamType='Individual', username='kyomesuke@gmail.com', isFreeProvisioningTeam='0'>'>
	<IDEDistributionContext: 0x7f99c01848d0; archive = '<IDEArchive: 0x7f99b89f2e50>', distributionMethod='<IDEDistributionMethodDeveloperID: 0x7f99be69e7e0>', team='<IDEProvisioningDisambiguatableBasicTeam: 0x7f99ba83c420; teamID='VJ5N2X84K8', teamName='Takuto Nakamura', teamType='Individual', username='kyomesuke@gmail.com', isFreeProvisioningTeam='0'>'>
	<IDEDistributionContext: 0x7f99bf0d3a60; archive = '<IDEArchive: 0x7f99b89f2e50>', distributionMethod='<IDEDistributionMethodDeveloperID: 0x7f99be69e7e0>', team='<IDEProvisioningDisambiguatableBasicTeam: 0x7f99ba83c420; teamID='VJ5N2X84K8', teamName='Takuto Nakamura', teamType='Individual', username='kyomesuke@gmail.com', isFreeProvisioningTeam='0'>'>
	<IDEDistributionContext: 0x7f99be25dd00; archive = '<IDEArchive: 0x7f99b89f2e50>', distributionMethod='<IDEDistributionMethodDeveloperID: 0x7f99be69e7e0>', team='(null)'>
	<IDEDistributionContext: 0x7f99bf1a4ca0; archive = '<IDEArchive: 0x7f99b89f2e50>', distributionMethod='<IDEDistributionMethodDeveloperID: 0x7f99be69e7e0>', team='(null)'>
	<IDEDistributionContext: 0x7f99bb52de00; archive = '<IDEArchive: 0x7f99b89f2e50>', distributionMethod='(null)', team='(null)'>
</IDEDistributionProcessingPipelineContext: 0x7f99c00d5990>
2019-05-28 09:15:40 +0000  Processing step: IDEDistributionCreateDestRootStep
2019-05-28 09:15:40 +0000  Processing step: IDEDistributionCopyItemStep
2019-05-28 09:15:40 +0000  Running /usr/bin/ditto '-V' '/Users/takuto/Library/Developer/Xcode/Archives/2019-05-28/SecretDesktop 2019-05-28 18.11.xcarchive/Products/Applications/SecretDesktop.app' '/var/folders/kg/9_m6pbfj5r975_hg511016mh0000gn/T/XcodeDistPipeline.~~~VgpAtL/Root/Applications/SecretDesktop.app'
2019-05-28 09:15:40 +0000  >>> Copying /Users/takuto/Library/Developer/Xcode/Archives/2019-05-28/SecretDesktop 2019-05-28 18.11.xcarchive/Products/Applications/SecretDesktop.app 
2019-05-28 09:15:40 +0000  copying file ./Contents/_CodeSignature/CodeResources ... 
2019-05-28 09:15:40 +0000  10499 bytes for ./Contents/_CodeSignature/CodeResources
2019-05-28 09:15:40 +0000  copying file ./Contents/MacOS/SecretDesktop ... 
2019-05-28 09:15:40 +0000  98160 bytes for ./Contents/MacOS/SecretDesktop
2019-05-28 09:15:40 +0000  copying file ./Contents/Resources/AppIcon.icns ... 
2019-05-28 09:15:40 +0000  77092 bytes for ./Contents/Resources/AppIcon.icns
2019-05-28 09:15:40 +0000  copying file ./Contents/Resources/Base.lproj/Main.storyboardc/Tic-He-LxE-view-zyW-JA-bYT.nib ... 
2019-05-28 09:15:40 +0000  11937 bytes for ./Contents/Resources/Base.lproj/Main.storyboardc/Tic-He-LxE-view-zyW-JA-bYT.nib
2019-05-28 09:15:40 +0000  copying file ./Contents/Resources/Base.lproj/Main.storyboardc/SecretWindow.nib ... 
2019-05-28 09:15:40 +0000  3725 bytes for ./Contents/Resources/Base.lproj/Main.storyboardc/SecretWindow.nib
2019-05-28 09:15:40 +0000  copying file ./Contents/Resources/Base.lproj/Main.storyboardc/MainMenu.nib ... 
2019-05-28 09:15:40 +0000  5956 bytes for ./Contents/Resources/Base.lproj/Main.storyboardc/MainMenu.nib
copying file ./Contents/Resources/Base.lproj/Main.storyboardc/XfG-lQ-9wD-view-m2S-Jp-Qdl.nib ... 
2019-05-28 09:15:40 +0000  3437 bytes for ./Contents/Resources/Base.lproj/Main.storyboardc/XfG-lQ-9wD-view-m2S-Jp-Qdl.nib
copying file ./Contents/Resources/Base.lproj/Main.storyboardc/AboutWindow.nib ... 
2019-05-28 09:15:40 +0000  3603 bytes for ./Contents/Resources/Base.lproj/Main.storyboardc/AboutWindow.nib
copying file ./Contents/Resources/Base.lproj/Main.storyboardc/Info.plist ... 
2019-05-28 09:15:40 +0000  363 bytes for ./Contents/Resources/Base.lproj/Main.storyboardc/Info.plist
copying file ./Contents/Resources/Assets.car ... 
2019-05-28 09:15:40 +0000  385800 bytes for ./Contents/Resources/Assets.car
copying file ./Contents/Frameworks/libswiftAppKit.dylib ... 
222704 bytes for ./Contents/Frameworks/libswiftAppKit.dylib
2019-05-28 09:15:40 +0000  copying file ./Contents/Frameworks/libswiftCoreImage.dylib ... 
2019-05-28 09:15:40 +0000  50064 bytes for ./Contents/Frameworks/libswiftCoreImage.dylib
copying file ./Contents/Frameworks/libswiftObjectiveC.dylib ... 
2019-05-28 09:15:40 +0000  62272 bytes for ./Contents/Frameworks/libswiftObjectiveC.dylib
copying file ./Contents/Frameworks/libswiftXPC.dylib ... 
2019-05-28 09:15:40 +0000  45744 bytes for ./Contents/Frameworks/libswiftXPC.dylib
copying file ./Contents/Frameworks/libswiftCore.dylib ... 
2019-05-28 09:15:40 +0000  6456320 bytes for ./Contents/Frameworks/libswiftCore.dylib
copying file ./Contents/Frameworks/libswiftCoreGraphics.dylib ... 
190560 bytes for ./Contents/Frameworks/libswiftCoreGraphics.dylib
copying file ./Contents/Frameworks/libswiftMetal.dylib ... 
2019-05-28 09:15:40 +0000  84928 bytes for ./Contents/Frameworks/libswiftMetal.dylib
copying file ./Contents/Frameworks/libswiftCoreData.dylib ... 
98896 bytes for ./Contents/Frameworks/libswiftCoreData.dylib
copying file ./Contents/Frameworks/libswiftDispatch.dylib ... 
2019-05-28 09:15:40 +0000  328272 bytes for ./Contents/Frameworks/libswiftDispatch.dylib
copying file ./Contents/Frameworks/libswiftos.dylib ... 
72368 bytes for ./Contents/Frameworks/libswiftos.dylib
copying file ./Contents/Frameworks/libswiftCoreFoundation.dylib ... 
2019-05-28 09:15:40 +0000  42128 bytes for ./Contents/Frameworks/libswiftCoreFoundation.dylib
copying file ./Contents/Frameworks/libswiftDarwin.dylib ... 
2019-05-28 09:15:40 +0000  99088 bytes for ./Contents/Frameworks/libswiftDarwin.dylib
2019-05-28 09:15:40 +0000  copying file ./Contents/Frameworks/libswiftQuartzCore.dylib ... 
2019-05-28 09:15:40 +0000  58352 bytes for ./Contents/Frameworks/libswiftQuartzCore.dylib
2019-05-28 09:15:40 +0000  copying file ./Contents/Frameworks/libswiftIOKit.dylib ... 
2019-05-28 09:15:40 +0000  45664 bytes for ./Contents/Frameworks/libswiftIOKit.dylib
copying file ./Contents/Frameworks/libswiftFoundation.dylib ... 
2019-05-28 09:15:40 +0000  3163408 bytes for ./Contents/Frameworks/libswiftFoundation.dylib
2019-05-28 09:15:40 +0000  copying file ./Contents/Info.plist ... 
2019-05-28 09:15:40 +0000  1702 bytes for ./Contents/Info.plist
copying file ./Contents/PkgInfo ... 
2019-05-28 09:15:40 +0000  8 bytes for ./Contents/PkgInfo
2019-05-28 09:15:40 +0000  /usr/bin/ditto exited with 0
2019-05-28 09:15:40 +0000  Processing step: IDEDistributionEmbedProfileStep
2019-05-28 09:15:40 +0000  Skipping profile for item: <IDEDistributionItem: 0x7f99b92d6960 'com.apple.dt.runtime.swiftAppKit' '<DVTFilePath:0x7f99be529750:'/Users/takuto/Library/Developer/Xcode/Archives/2019-05-28/SecretDesktop 2019-05-28 18.11.xcarchive/Products/Applications/SecretDesktop.app/Contents/Frameworks/libswiftAppKit.dylib'>'>
2019-05-28 09:15:40 +0000  Skipping profile for item: <IDEDistributionItem: 0x7f99b7f73f20 'com.apple.dt.runtime.swiftCore' '<DVTFilePath:0x7f99bfe617f0:'/Users/takuto/Library/Developer/Xcode/Archives/2019-05-28/SecretDesktop 2019-05-28 18.11.xcarchive/Products/Applications/SecretDesktop.app/Contents/Frameworks/libswiftCore.dylib'>'>
2019-05-28 09:15:40 +0000  Skipping profile for item: <IDEDistributionItem: 0x7f99be572f30 'com.apple.dt.runtime.swiftCoreData' '<DVTFilePath:0x7f99bfe7b140:'/Users/takuto/Library/Developer/Xcode/Archives/2019-05-28/SecretDesktop 2019-05-28 18.11.xcarchive/Products/Applications/SecretDesktop.app/Contents/Frameworks/libswiftCoreData.dylib'>'>
2019-05-28 09:15:40 +0000  Skipping profile for item: <IDEDistributionItem: 0x7f99b887e2d0 'com.apple.dt.runtime.swiftCoreFoundation' '<DVTFilePath:0x7f99bfef96b0:'/Users/takuto/Library/Developer/Xcode/Archives/2019-05-28/SecretDesktop 2019-05-28 18.11.xcarchive/Products/Applications/SecretDesktop.app/Contents/Frameworks/libswiftCoreFoundation.dylib'>'>
2019-05-28 09:15:40 +0000  Skipping profile for item: <IDEDistributionItem: 0x7f99bfe493e0 'com.apple.dt.runtime.swiftCoreGraphics' '<DVTFilePath:0x7f99bfe70e40:'/Users/takuto/Library/Developer/Xcode/Archives/2019-05-28/SecretDesktop 2019-05-28 18.11.xcarchive/Products/Applications/SecretDesktop.app/Contents/Frameworks/libswiftCoreGraphics.dylib'>'>
2019-05-28 09:15:40 +0000  Skipping profile for item: <IDEDistributionItem: 0x7f99bb5d8230 'com.apple.dt.runtime.swiftCoreImage' '<DVTFilePath:0x7f99bfe680b0:'/Users/takuto/Library/Developer/Xcode/Archives/2019-05-28/SecretDesktop 2019-05-28 18.11.xcarchive/Products/Applications/SecretDesktop.app/Contents/Frameworks/libswiftCoreImage.dylib'>'>
2019-05-28 09:15:40 +0000  Skipping profile for item: <IDEDistributionItem: 0x7f99be620cf0 'com.apple.dt.runtime.swiftDarwin' '<DVTFilePath:0x7f99bf9d00c0:'/Users/takuto/Library/Developer/Xcode/Archives/2019-05-28/SecretDesktop 2019-05-28 18.11.xcarchive/Products/Applications/SecretDesktop.app/Contents/Frameworks/libswiftDarwin.dylib'>'>
2019-05-28 09:15:40 +0000  Skipping profile for item: <IDEDistributionItem: 0x7f99c01cb360 'com.apple.dt.runtime.swiftDispatch' '<DVTFilePath:0x7f99c01e7c80:'/Users/takuto/Library/Developer/Xcode/Archives/2019-05-28/SecretDesktop 2019-05-28 18.11.xcarchive/Products/Applications/SecretDesktop.app/Contents/Frameworks/libswiftDispatch.dylib'>'>
2019-05-28 09:15:40 +0000  Skipping profile for item: <IDEDistributionItem: 0x7f99bfef1a50 'com.apple.dt.runtime.swiftFoundation' '<DVTFilePath:0x7f99bf9d6d90:'/Users/takuto/Library/Developer/Xcode/Archives/2019-05-28/SecretDesktop 2019-05-28 18.11.xcarchive/Products/Applications/SecretDesktop.app/Contents/Frameworks/libswiftFoundation.dylib'>'>
2019-05-28 09:15:40 +0000  Skipping profile for item: <IDEDistributionItem: 0x7f99bfed1300 'com.apple.dt.runtime.swiftIOKit' '<DVTFilePath:0x7f99bf9d6030:'/Users/takuto/Library/Developer/Xcode/Archives/2019-05-28/SecretDesktop 2019-05-28 18.11.xcarchive/Products/Applications/SecretDesktop.app/Contents/Frameworks/libswiftIOKit.dylib'>'>
2019-05-28 09:15:40 +0000  Skipping profile for item: <IDEDistributionItem: 0x7f99ba3ea660 'com.apple.dt.runtime.swiftMetal' '<DVTFilePath:0x7f99bfe8b010:'/Users/takuto/Library/Developer/Xcode/Archives/2019-05-28/SecretDesktop 2019-05-28 18.11.xcarchive/Products/Applications/SecretDesktop.app/Contents/Frameworks/libswiftMetal.dylib'>'>
2019-05-28 09:15:40 +0000  Skipping profile for item: <IDEDistributionItem: 0x7f99bfef22c0 'com.apple.dt.runtime.swiftObjectiveC' '<DVTFilePath:0x7f99bfe60a90:'/Users/takuto/Library/Developer/Xcode/Archives/2019-05-28/SecretDesktop 2019-05-28 18.11.xcarchive/Products/Applications/SecretDesktop.app/Contents/Frameworks/libswiftObjectiveC.dylib'>'>
2019-05-28 09:15:40 +0000  Skipping profile for item: <IDEDistributionItem: 0x7f99bf134790 'com.apple.dt.runtime.swiftQuartzCore' '<DVTFilePath:0x7f99bf9d1d70:'/Users/takuto/Library/Developer/Xcode/Archives/2019-05-28/SecretDesktop 2019-05-28 18.11.xcarchive/Products/Applications/SecretDesktop.app/Contents/Frameworks/libswiftQuartzCore.dylib'>'>
2019-05-28 09:15:40 +0000  Skipping profile for item: <IDEDistributionItem: 0x7f99b9cf9630 'com.apple.dt.runtime.swiftXPC' '<DVTFilePath:0x7f99bfb91900:'/Users/takuto/Library/Developer/Xcode/Archives/2019-05-28/SecretDesktop 2019-05-28 18.11.xcarchive/Products/Applications/SecretDesktop.app/Contents/Frameworks/libswiftXPC.dylib'>'>
2019-05-28 09:15:40 +0000  Skipping profile for item: <IDEDistributionItem: 0x7f99c01e30f0 'com.apple.dt.runtime.swiftos' '<DVTFilePath:0x7f99bf9955e0:'/Users/takuto/Library/Developer/Xcode/Archives/2019-05-28/SecretDesktop 2019-05-28 18.11.xcarchive/Products/Applications/SecretDesktop.app/Contents/Frameworks/libswiftos.dylib'>'>
2019-05-28 09:15:40 +0000  Skipping profile for item: <IDEDistributionItem: 0x7f99bfeb4680 'com.kyome.SecretDesktop' '<DVTFilePath:0x7f99bf13ad90:'/Users/takuto/Library/Developer/Xcode/Archives/2019-05-28/SecretDesktop 2019-05-28 18.11.xcarchive/Products/Applications/SecretDesktop.app'>'>
2019-05-28 09:15:40 +0000  Processing step: IDEDistributionAppThinningPlistStep
2019-05-28 09:15:40 +0000  Processing step: IDEDistributionCompileBitcodeStep
2019-05-28 09:15:40 +0000  Skipping step: IDEDistributionCompileBitcodeStep because it said so
2019-05-28 09:15:40 +0000  Processing step: IDEDistributionCodeSlimmingStep
2019-05-28 09:15:40 +0000  Processing step: IDEDistributionCopyBCSymbolMapsStep
2019-05-28 09:15:40 +0000  Skipping step: IDEDistributionCopyBCSymbolMapsStep because it said so
2019-05-28 09:15:40 +0000  Skipping step: IDEDistributionCopyBCSymbolMapsStep because it said so
2019-05-28 09:15:40 +0000  Skipping step: IDEDistributionCopyBCSymbolMapsStep because it said so
2019-05-28 09:15:40 +0000  Skipping step: IDEDistributionCopyBCSymbolMapsStep because it said so
2019-05-28 09:15:40 +0000  Skipping step: IDEDistributionCopyBCSymbolMapsStep because it said so
2019-05-28 09:15:40 +0000  Skipping step: IDEDistributionCopyBCSymbolMapsStep because it said so
2019-05-28 09:15:40 +0000  Skipping step: IDEDistributionCopyBCSymbolMapsStep because it said so
2019-05-28 09:15:40 +0000  Skipping step: IDEDistributionCopyBCSymbolMapsStep because it said so
2019-05-28 09:15:40 +0000  Skipping step: IDEDistributionCopyBCSymbolMapsStep because it said so
2019-05-28 09:15:40 +0000  Skipping step: IDEDistributionCopyBCSymbolMapsStep because it said so
2019-05-28 09:15:40 +0000  Skipping step: IDEDistributionCopyBCSymbolMapsStep because it said so
2019-05-28 09:15:40 +0000  Skipping step: IDEDistributionCopyBCSymbolMapsStep because it said so
2019-05-28 09:15:40 +0000  Skipping step: IDEDistributionCopyBCSymbolMapsStep because it said so
2019-05-28 09:15:40 +0000  Skipping step: IDEDistributionCopyBCSymbolMapsStep because it said so
2019-05-28 09:15:40 +0000  Skipping step: IDEDistributionCopyBCSymbolMapsStep because it said so
2019-05-28 09:15:40 +0000  Skipping step: IDEDistributionCopyBCSymbolMapsStep because it said so
2019-05-28 09:15:40 +0000  Processing step: IDEDistributionSymbolsStep
2019-05-28 09:15:40 +0000  Skipping step: IDEDistributionSymbolsStep because it said so
2019-05-28 09:15:40 +0000  Skipping step: IDEDistributionSymbolsStep because it said so
2019-05-28 09:15:40 +0000  Skipping step: IDEDistributionSymbolsStep because it said so
2019-05-28 09:15:40 +0000  Skipping step: IDEDistributionSymbolsStep because it said so
2019-05-28 09:15:40 +0000  Skipping step: IDEDistributionSymbolsStep because it said so
2019-05-28 09:15:40 +0000  Skipping step: IDEDistributionSymbolsStep because it said so
2019-05-28 09:15:40 +0000  Skipping step: IDEDistributionSymbolsStep because it said so
2019-05-28 09:15:40 +0000  Skipping step: IDEDistributionSymbolsStep because it said so
2019-05-28 09:15:40 +0000  Skipping step: IDEDistributionSymbolsStep because it said so
2019-05-28 09:15:40 +0000  Skipping step: IDEDistributionSymbolsStep because it said so
2019-05-28 09:15:40 +0000  Skipping step: IDEDistributionSymbolsStep because it said so
2019-05-28 09:15:40 +0000  Skipping step: IDEDistributionSymbolsStep because it said so
2019-05-28 09:15:40 +0000  Skipping step: IDEDistributionSymbolsStep because it said so
2019-05-28 09:15:40 +0000  Skipping step: IDEDistributionSymbolsStep because it said so
2019-05-28 09:15:40 +0000  Skipping step: IDEDistributionSymbolsStep because it said so
2019-05-28 09:15:40 +0000  Skipping step: IDEDistributionSymbolsStep because it said so
2019-05-28 09:15:40 +0000  Processing step: IDEDistributionAppThinningStep
2019-05-28 09:15:40 +0000  Skipping step: IDEDistributionAppThinningStep because it said so
2019-05-28 09:15:40 +0000  Processing step: IDEDistributionArchThinningStep
2019-05-28 09:15:40 +0000  Running /Applications/Xcode.app/Contents/Developer/Toolchains/XcodeDefault.xctoolchain/usr/bin/lipo '/var/folders/kg/9_m6pbfj5r975_hg511016mh0000gn/T/XcodeDistPipeline.~~~VgpAtL/Root/Applications/SecretDesktop.app/Contents/Frameworks/libswiftAppKit.dylib' '-verify_arch' 'arm64e'
2019-05-28 09:15:40 +0000  /Applications/Xcode.app/Contents/Developer/Toolchains/XcodeDefault.xctoolchain/usr/bin/lipo exited with 1
2019-05-28 09:15:40 +0000  Skipping architecture thinning for item "libswiftAppKit.dylib" because arch "arm64e" wasn't found
2019-05-28 09:15:40 +0000  Running /Applications/Xcode.app/Contents/Developer/Toolchains/XcodeDefault.xctoolchain/usr/bin/lipo '/var/folders/kg/9_m6pbfj5r975_hg511016mh0000gn/T/XcodeDistPipeline.~~~VgpAtL/Root/Applications/SecretDesktop.app/Contents/Frameworks/libswiftCore.dylib' '-verify_arch' 'arm64e'
2019-05-28 09:15:40 +0000  /Applications/Xcode.app/Contents/Developer/Toolchains/XcodeDefault.xctoolchain/usr/bin/lipo exited with 1
2019-05-28 09:15:40 +0000  Skipping architecture thinning for item "libswiftCore.dylib" because arch "arm64e" wasn't found
2019-05-28 09:15:40 +0000  Running /Applications/Xcode.app/Contents/Developer/Toolchains/XcodeDefault.xctoolchain/usr/bin/lipo '/var/folders/kg/9_m6pbfj5r975_hg511016mh0000gn/T/XcodeDistPipeline.~~~VgpAtL/Root/Applications/SecretDesktop.app/Contents/Frameworks/libswiftCoreData.dylib' '-verify_arch' 'arm64e'
2019-05-28 09:15:40 +0000  /Applications/Xcode.app/Contents/Developer/Toolchains/XcodeDefault.xctoolchain/usr/bin/lipo exited with 1
2019-05-28 09:15:40 +0000  Skipping architecture thinning for item "libswiftCoreData.dylib" because arch "arm64e" wasn't found
2019-05-28 09:15:40 +0000  Running /Applications/Xcode.app/Contents/Developer/Toolchains/XcodeDefault.xctoolchain/usr/bin/lipo '/var/folders/kg/9_m6pbfj5r975_hg511016mh0000gn/T/XcodeDistPipeline.~~~VgpAtL/Root/Applications/SecretDesktop.app/Contents/Frameworks/libswiftCoreFoundation.dylib' '-verify_arch' 'arm64e'
2019-05-28 09:15:40 +0000  /Applications/Xcode.app/Contents/Developer/Toolchains/XcodeDefault.xctoolchain/usr/bin/lipo exited with 1
2019-05-28 09:15:40 +0000  Skipping architecture thinning for item "libswiftCoreFoundation.dylib" because arch "arm64e" wasn't found
2019-05-28 09:15:40 +0000  Running /Applications/Xcode.app/Contents/Developer/Toolchains/XcodeDefault.xctoolchain/usr/bin/lipo '/var/folders/kg/9_m6pbfj5r975_hg511016mh0000gn/T/XcodeDistPipeline.~~~VgpAtL/Root/Applications/SecretDesktop.app/Contents/Frameworks/libswiftCoreGraphics.dylib' '-verify_arch' 'arm64e'
2019-05-28 09:15:40 +0000  /Applications/Xcode.app/Contents/Developer/Toolchains/XcodeDefault.xctoolchain/usr/bin/lipo exited with 1
2019-05-28 09:15:40 +0000  Skipping architecture thinning for item "libswiftCoreGraphics.dylib" because arch "arm64e" wasn't found
2019-05-28 09:15:40 +0000  Running /Applications/Xcode.app/Contents/Developer/Toolchains/XcodeDefault.xctoolchain/usr/bin/lipo '/var/folders/kg/9_m6pbfj5r975_hg511016mh0000gn/T/XcodeDistPipeline.~~~VgpAtL/Root/Applications/SecretDesktop.app/Contents/Frameworks/libswiftCoreImage.dylib' '-verify_arch' 'arm64e'
2019-05-28 09:15:40 +0000  /Applications/Xcode.app/Contents/Developer/Toolchains/XcodeDefault.xctoolchain/usr/bin/lipo exited with 1
2019-05-28 09:15:40 +0000  Skipping architecture thinning for item "libswiftCoreImage.dylib" because arch "arm64e" wasn't found
2019-05-28 09:15:40 +0000  Running /Applications/Xcode.app/Contents/Developer/Toolchains/XcodeDefault.xctoolchain/usr/bin/lipo '/var/folders/kg/9_m6pbfj5r975_hg511016mh0000gn/T/XcodeDistPipeline.~~~VgpAtL/Root/Applications/SecretDesktop.app/Contents/Frameworks/libswiftDarwin.dylib' '-verify_arch' 'arm64e'
2019-05-28 09:15:40 +0000  /Applications/Xcode.app/Contents/Developer/Toolchains/XcodeDefault.xctoolchain/usr/bin/lipo exited with 1
2019-05-28 09:15:40 +0000  Skipping architecture thinning for item "libswiftDarwin.dylib" because arch "arm64e" wasn't found
2019-05-28 09:15:40 +0000  Running /Applications/Xcode.app/Contents/Developer/Toolchains/XcodeDefault.xctoolchain/usr/bin/lipo '/var/folders/kg/9_m6pbfj5r975_hg511016mh0000gn/T/XcodeDistPipeline.~~~VgpAtL/Root/Applications/SecretDesktop.app/Contents/Frameworks/libswiftDispatch.dylib' '-verify_arch' 'arm64e'
2019-05-28 09:15:40 +0000  /Applications/Xcode.app/Contents/Developer/Toolchains/XcodeDefault.xctoolchain/usr/bin/lipo exited with 1
2019-05-28 09:15:40 +0000  Skipping architecture thinning for item "libswiftDispatch.dylib" because arch "arm64e" wasn't found
2019-05-28 09:15:40 +0000  Running /Applications/Xcode.app/Contents/Developer/Toolchains/XcodeDefault.xctoolchain/usr/bin/lipo '/var/folders/kg/9_m6pbfj5r975_hg511016mh0000gn/T/XcodeDistPipeline.~~~VgpAtL/Root/Applications/SecretDesktop.app/Contents/Frameworks/libswiftFoundation.dylib' '-verify_arch' 'arm64e'
2019-05-28 09:15:40 +0000  /Applications/Xcode.app/Contents/Developer/Toolchains/XcodeDefault.xctoolchain/usr/bin/lipo exited with 1
2019-05-28 09:15:40 +0000  Skipping architecture thinning for item "libswiftFoundation.dylib" because arch "arm64e" wasn't found
2019-05-28 09:15:40 +0000  Running /Applications/Xcode.app/Contents/Developer/Toolchains/XcodeDefault.xctoolchain/usr/bin/lipo '/var/folders/kg/9_m6pbfj5r975_hg511016mh0000gn/T/XcodeDistPipeline.~~~VgpAtL/Root/Applications/SecretDesktop.app/Contents/Frameworks/libswiftIOKit.dylib' '-verify_arch' 'arm64e'
2019-05-28 09:15:40 +0000  /Applications/Xcode.app/Contents/Developer/Toolchains/XcodeDefault.xctoolchain/usr/bin/lipo exited with 1
2019-05-28 09:15:40 +0000  Skipping architecture thinning for item "libswiftIOKit.dylib" because arch "arm64e" wasn't found
2019-05-28 09:15:40 +0000  Running /Applications/Xcode.app/Contents/Developer/Toolchains/XcodeDefault.xctoolchain/usr/bin/lipo '/var/folders/kg/9_m6pbfj5r975_hg511016mh0000gn/T/XcodeDistPipeline.~~~VgpAtL/Root/Applications/SecretDesktop.app/Contents/Frameworks/libswiftMetal.dylib' '-verify_arch' 'arm64e'
2019-05-28 09:15:40 +0000  /Applications/Xcode.app/Contents/Developer/Toolchains/XcodeDefault.xctoolchain/usr/bin/lipo exited with 1
2019-05-28 09:15:40 +0000  Skipping architecture thinning for item "libswiftMetal.dylib" because arch "arm64e" wasn't found
2019-05-28 09:15:40 +0000  Running /Applications/Xcode.app/Contents/Developer/Toolchains/XcodeDefault.xctoolchain/usr/bin/lipo '/var/folders/kg/9_m6pbfj5r975_hg511016mh0000gn/T/XcodeDistPipeline.~~~VgpAtL/Root/Applications/SecretDesktop.app/Contents/Frameworks/libswiftObjectiveC.dylib' '-verify_arch' 'arm64e'
2019-05-28 09:15:40 +0000  /Applications/Xcode.app/Contents/Developer/Toolchains/XcodeDefault.xctoolchain/usr/bin/lipo exited with 1
2019-05-28 09:15:40 +0000  Skipping architecture thinning for item "libswiftObjectiveC.dylib" because arch "arm64e" wasn't found
2019-05-28 09:15:40 +0000  Running /Applications/Xcode.app/Contents/Developer/Toolchains/XcodeDefault.xctoolchain/usr/bin/lipo '/var/folders/kg/9_m6pbfj5r975_hg511016mh0000gn/T/XcodeDistPipeline.~~~VgpAtL/Root/Applications/SecretDesktop.app/Contents/Frameworks/libswiftQuartzCore.dylib' '-verify_arch' 'arm64e'
2019-05-28 09:15:40 +0000  /Applications/Xcode.app/Contents/Developer/Toolchains/XcodeDefault.xctoolchain/usr/bin/lipo exited with 1
2019-05-28 09:15:40 +0000  Skipping architecture thinning for item "libswiftQuartzCore.dylib" because arch "arm64e" wasn't found
2019-05-28 09:15:40 +0000  Running /Applications/Xcode.app/Contents/Developer/Toolchains/XcodeDefault.xctoolchain/usr/bin/lipo '/var/folders/kg/9_m6pbfj5r975_hg511016mh0000gn/T/XcodeDistPipeline.~~~VgpAtL/Root/Applications/SecretDesktop.app/Contents/Frameworks/libswiftXPC.dylib' '-verify_arch' 'arm64e'
2019-05-28 09:15:40 +0000  /Applications/Xcode.app/Contents/Developer/Toolchains/XcodeDefault.xctoolchain/usr/bin/lipo exited with 1
2019-05-28 09:15:40 +0000  Skipping architecture thinning for item "libswiftXPC.dylib" because arch "arm64e" wasn't found
2019-05-28 09:15:40 +0000  Running /Applications/Xcode.app/Contents/Developer/Toolchains/XcodeDefault.xctoolchain/usr/bin/lipo '/var/folders/kg/9_m6pbfj5r975_hg511016mh0000gn/T/XcodeDistPipeline.~~~VgpAtL/Root/Applications/SecretDesktop.app/Contents/Frameworks/libswiftos.dylib' '-verify_arch' 'arm64e'
2019-05-28 09:15:40 +0000  /Applications/Xcode.app/Contents/Developer/Toolchains/XcodeDefault.xctoolchain/usr/bin/lipo exited with 1
2019-05-28 09:15:40 +0000  Skipping architecture thinning for item "libswiftos.dylib" because arch "arm64e" wasn't found
2019-05-28 09:15:40 +0000  Running /Applications/Xcode.app/Contents/Developer/Toolchains/XcodeDefault.xctoolchain/usr/bin/lipo '/var/folders/kg/9_m6pbfj5r975_hg511016mh0000gn/T/XcodeDistPipeline.~~~VgpAtL/Root/Applications/SecretDesktop.app/Contents/MacOS/SecretDesktop' '-verify_arch' 'arm64e'
2019-05-28 09:15:40 +0000  /Applications/Xcode.app/Contents/Developer/Toolchains/XcodeDefault.xctoolchain/usr/bin/lipo exited with 1
2019-05-28 09:15:40 +0000  Skipping architecture thinning for item "SecretDesktop" because arch "arm64e" wasn't found
2019-05-28 09:15:40 +0000  Processing step: IDEDistributionODRStep
2019-05-28 09:15:40 +0000  Processing step: IDEDistributionStripXattrsStep
2019-05-28 09:15:40 +0000  Skipping stripping extended attributes of item: <IDEDistributionItem: 0x7f99b92d6960 'com.apple.dt.runtime.swiftAppKit' '<DVTFilePath:0x7f99be529750:'/Users/takuto/Library/Developer/Xcode/Archives/2019-05-28/SecretDesktop 2019-05-28 18.11.xcarchive/Products/Applications/SecretDesktop.app/Contents/Frameworks/libswiftAppKit.dylib'>'>
2019-05-28 09:15:40 +0000  Skipping stripping extended attributes of item: <IDEDistributionItem: 0x7f99b7f73f20 'com.apple.dt.runtime.swiftCore' '<DVTFilePath:0x7f99bfe617f0:'/Users/takuto/Library/Developer/Xcode/Archives/2019-05-28/SecretDesktop 2019-05-28 18.11.xcarchive/Products/Applications/SecretDesktop.app/Contents/Frameworks/libswiftCore.dylib'>'>
2019-05-28 09:15:40 +0000  Skipping stripping extended attributes of item: <IDEDistributionItem: 0x7f99be572f30 'com.apple.dt.runtime.swiftCoreData' '<DVTFilePath:0x7f99bfe7b140:'/Users/takuto/Library/Developer/Xcode/Archives/2019-05-28/SecretDesktop 2019-05-28 18.11.xcarchive/Products/Applications/SecretDesktop.app/Contents/Frameworks/libswiftCoreData.dylib'>'>
2019-05-28 09:15:40 +0000  Skipping stripping extended attributes of item: <IDEDistributionItem: 0x7f99b887e2d0 'com.apple.dt.runtime.swiftCoreFoundation' '<DVTFilePath:0x7f99bfef96b0:'/Users/takuto/Library/Developer/Xcode/Archives/2019-05-28/SecretDesktop 2019-05-28 18.11.xcarchive/Products/Applications/SecretDesktop.app/Contents/Frameworks/libswiftCoreFoundation.dylib'>'>
2019-05-28 09:15:40 +0000  Skipping stripping extended attributes of item: <IDEDistributionItem: 0x7f99bfe493e0 'com.apple.dt.runtime.swiftCoreGraphics' '<DVTFilePath:0x7f99bfe70e40:'/Users/takuto/Library/Developer/Xcode/Archives/2019-05-28/SecretDesktop 2019-05-28 18.11.xcarchive/Products/Applications/SecretDesktop.app/Contents/Frameworks/libswiftCoreGraphics.dylib'>'>
2019-05-28 09:15:40 +0000  Skipping stripping extended attributes of item: <IDEDistributionItem: 0x7f99bb5d8230 'com.apple.dt.runtime.swiftCoreImage' '<DVTFilePath:0x7f99bfe680b0:'/Users/takuto/Library/Developer/Xcode/Archives/2019-05-28/SecretDesktop 2019-05-28 18.11.xcarchive/Products/Applications/SecretDesktop.app/Contents/Frameworks/libswiftCoreImage.dylib'>'>
2019-05-28 09:15:40 +0000  Skipping stripping extended attributes of item: <IDEDistributionItem: 0x7f99be620cf0 'com.apple.dt.runtime.swiftDarwin' '<DVTFilePath:0x7f99bf9d00c0:'/Users/takuto/Library/Developer/Xcode/Archives/2019-05-28/SecretDesktop 2019-05-28 18.11.xcarchive/Products/Applications/SecretDesktop.app/Contents/Frameworks/libswiftDarwin.dylib'>'>
2019-05-28 09:15:40 +0000  Skipping stripping extended attributes of item: <IDEDistributionItem: 0x7f99c01cb360 'com.apple.dt.runtime.swiftDispatch' '<DVTFilePath:0x7f99c01e7c80:'/Users/takuto/Library/Developer/Xcode/Archives/2019-05-28/SecretDesktop 2019-05-28 18.11.xcarchive/Products/Applications/SecretDesktop.app/Contents/Frameworks/libswiftDispatch.dylib'>'>
2019-05-28 09:15:40 +0000  Skipping stripping extended attributes of item: <IDEDistributionItem: 0x7f99bfef1a50 'com.apple.dt.runtime.swiftFoundation' '<DVTFilePath:0x7f99bf9d6d90:'/Users/takuto/Library/Developer/Xcode/Archives/2019-05-28/SecretDesktop 2019-05-28 18.11.xcarchive/Products/Applications/SecretDesktop.app/Contents/Frameworks/libswiftFoundation.dylib'>'>
2019-05-28 09:15:40 +0000  Skipping stripping extended attributes of item: <IDEDistributionItem: 0x7f99bfed1300 'com.apple.dt.runtime.swiftIOKit' '<DVTFilePath:0x7f99bf9d6030:'/Users/takuto/Library/Developer/Xcode/Archives/2019-05-28/SecretDesktop 2019-05-28 18.11.xcarchive/Products/Applications/SecretDesktop.app/Contents/Frameworks/libswiftIOKit.dylib'>'>
2019-05-28 09:15:40 +0000  Skipping stripping extended attributes of item: <IDEDistributionItem: 0x7f99ba3ea660 'com.apple.dt.runtime.swiftMetal' '<DVTFilePath:0x7f99bfe8b010:'/Users/takuto/Library/Developer/Xcode/Archives/2019-05-28/SecretDesktop 2019-05-28 18.11.xcarchive/Products/Applications/SecretDesktop.app/Contents/Frameworks/libswiftMetal.dylib'>'>
2019-05-28 09:15:40 +0000  Skipping stripping extended attributes of item: <IDEDistributionItem: 0x7f99bfef22c0 'com.apple.dt.runtime.swiftObjectiveC' '<DVTFilePath:0x7f99bfe60a90:'/Users/takuto/Library/Developer/Xcode/Archives/2019-05-28/SecretDesktop 2019-05-28 18.11.xcarchive/Products/Applications/SecretDesktop.app/Contents/Frameworks/libswiftObjectiveC.dylib'>'>
2019-05-28 09:15:40 +0000  Skipping stripping extended attributes of item: <IDEDistributionItem: 0x7f99bf134790 'com.apple.dt.runtime.swiftQuartzCore' '<DVTFilePath:0x7f99bf9d1d70:'/Users/takuto/Library/Developer/Xcode/Archives/2019-05-28/SecretDesktop 2019-05-28 18.11.xcarchive/Products/Applications/SecretDesktop.app/Contents/Frameworks/libswiftQuartzCore.dylib'>'>
2019-05-28 09:15:40 +0000  Skipping stripping extended attributes of item: <IDEDistributionItem: 0x7f99b9cf9630 'com.apple.dt.runtime.swiftXPC' '<DVTFilePath:0x7f99bfb91900:'/Users/takuto/Library/Developer/Xcode/Archives/2019-05-28/SecretDesktop 2019-05-28 18.11.xcarchive/Products/Applications/SecretDesktop.app/Contents/Frameworks/libswiftXPC.dylib'>'>
2019-05-28 09:15:40 +0000  Skipping stripping extended attributes of item: <IDEDistributionItem: 0x7f99c01e30f0 'com.apple.dt.runtime.swiftos' '<DVTFilePath:0x7f99bf9955e0:'/Users/takuto/Library/Developer/Xcode/Archives/2019-05-28/SecretDesktop 2019-05-28 18.11.xcarchive/Products/Applications/SecretDesktop.app/Contents/Frameworks/libswiftos.dylib'>'>
2019-05-28 09:15:40 +0000  Running /usr/bin/xattr '-crs' '/var/folders/kg/9_m6pbfj5r975_hg511016mh0000gn/T/XcodeDistPipeline.~~~VgpAtL/Root/Applications/SecretDesktop.app'
2019-05-28 09:15:40 +0000  /usr/bin/xattr exited with 0
2019-05-28 09:15:40 +0000  Processing step: IDEDistributionCodesignStep
2019-05-28 09:15:40 +0000  Entitlements for <IDEDistributionItem: 0x7f99b92d6960 'com.apple.dt.runtime.swiftAppKit' '<DVTFilePath:0x7f99be529750:'/Users/takuto/Library/Developer/Xcode/Archives/2019-05-28/SecretDesktop 2019-05-28 18.11.xcarchive/Products/Applications/SecretDesktop.app/Contents/Frameworks/libswiftAppKit.dylib'>'>: {
}
2019-05-28 09:15:40 +0000  Writing entitlements for <IDEDistributionItem: 0x7f99b92d6960 'com.apple.dt.runtime.swiftAppKit' '<DVTFilePath:0x7f99be529750:'/Users/takuto/Library/Developer/Xcode/Archives/2019-05-28/SecretDesktop 2019-05-28 18.11.xcarchive/Products/Applications/SecretDesktop.app/Contents/Frameworks/libswiftAppKit.dylib'>'> to: /var/folders/kg/9_m6pbfj5r975_hg511016mh0000gn/T/XcodeDistPipeline.~~~VgpAtL/entitlements~~~1Frkjd
2019-05-28 09:15:40 +0000  Running /usr/bin/codesign '-vvv' '--force' '--sign' 'A306584FD36239782DCAC641A0F1DA9A3A7F1EEA' '--entitlements' '/var/folders/kg/9_m6pbfj5r975_hg511016mh0000gn/T/XcodeDistPipeline.~~~VgpAtL/entitlements~~~1Frkjd' '--preserve-metadata=identifier,flags,runtime' '--requirements' '=designated => anchor apple generic  and identifier "$self.identifier" and ((cert leaf[field.1.2.840.113635.100.6.1.9] exists) or ( certificate 1[field.1.2.840.113635.100.6.2.6] exists and certificate leaf[field.1.2.840.113635.100.6.1.13] exists  and certificate leaf[subject.OU] = "VJ5N2X84K8" ))' '/var/folders/kg/9_m6pbfj5r975_hg511016mh0000gn/T/XcodeDistPipeline.~~~VgpAtL/Root/Applications/SecretDesktop.app/Contents/Frameworks/libswiftAppKit.dylib'
2019-05-28 09:15:40 +0000  /var/folders/kg/9_m6pbfj5r975_hg511016mh0000gn/T/XcodeDistPipeline.~~~VgpAtL/Root/Applications/SecretDesktop.app/Contents/Frameworks/libswiftAppKit.dylib: replacing existing signature
2019-05-28 09:15:41 +0000  /var/folders/kg/9_m6pbfj5r975_hg511016mh0000gn/T/XcodeDistPipeline.~~~VgpAtL/Root/Applications/SecretDesktop.app/Contents/Frameworks/libswiftAppKit.dylib: signed Mach-O thin (x86_64) [com.apple.dt.runtime.swiftAppKit]
2019-05-28 09:15:41 +0000  /usr/bin/codesign exited with 0
2019-05-28 09:15:41 +0000  Entitlements for <IDEDistributionItem: 0x7f99b7f73f20 'com.apple.dt.runtime.swiftCore' '<DVTFilePath:0x7f99bfe617f0:'/Users/takuto/Library/Developer/Xcode/Archives/2019-05-28/SecretDesktop 2019-05-28 18.11.xcarchive/Products/Applications/SecretDesktop.app/Contents/Frameworks/libswiftCore.dylib'>'>: {
}
2019-05-28 09:15:41 +0000  Writing entitlements for <IDEDistributionItem: 0x7f99b7f73f20 'com.apple.dt.runtime.swiftCore' '<DVTFilePath:0x7f99bfe617f0:'/Users/takuto/Library/Developer/Xcode/Archives/2019-05-28/SecretDesktop 2019-05-28 18.11.xcarchive/Products/Applications/SecretDesktop.app/Contents/Frameworks/libswiftCore.dylib'>'> to: /var/folders/kg/9_m6pbfj5r975_hg511016mh0000gn/T/XcodeDistPipeline.~~~VgpAtL/entitlements~~~2j21TF
2019-05-28 09:15:41 +0000  Running /usr/bin/codesign '-vvv' '--force' '--sign' 'A306584FD36239782DCAC641A0F1DA9A3A7F1EEA' '--entitlements' '/var/folders/kg/9_m6pbfj5r975_hg511016mh0000gn/T/XcodeDistPipeline.~~~VgpAtL/entitlements~~~2j21TF' '--preserve-metadata=identifier,flags,runtime' '--requirements' '=designated => anchor apple generic  and identifier "$self.identifier" and ((cert leaf[field.1.2.840.113635.100.6.1.9] exists) or ( certificate 1[field.1.2.840.113635.100.6.2.6] exists and certificate leaf[field.1.2.840.113635.100.6.1.13] exists  and certificate leaf[subject.OU] = "VJ5N2X84K8" ))' '/var/folders/kg/9_m6pbfj5r975_hg511016mh0000gn/T/XcodeDistPipeline.~~~VgpAtL/Root/Applications/SecretDesktop.app/Contents/Frameworks/libswiftCore.dylib'
2019-05-28 09:15:41 +0000  /var/folders/kg/9_m6pbfj5r975_hg511016mh0000gn/T/XcodeDistPipeline.~~~VgpAtL/Root/Applications/SecretDesktop.app/Contents/Frameworks/libswiftCore.dylib: replacing existing signature
2019-05-28 09:15:41 +0000  /var/folders/kg/9_m6pbfj5r975_hg511016mh0000gn/T/XcodeDistPipeline.~~~VgpAtL/Root/Applications/SecretDesktop.app/Contents/Frameworks/libswiftCore.dylib: signed Mach-O thin (x86_64) [com.apple.dt.runtime.swiftCore]
2019-05-28 09:15:41 +0000  /usr/bin/codesign exited with 0
2019-05-28 09:15:41 +0000  Entitlements for <IDEDistributionItem: 0x7f99be572f30 'com.apple.dt.runtime.swiftCoreData' '<DVTFilePath:0x7f99bfe7b140:'/Users/takuto/Library/Developer/Xcode/Archives/2019-05-28/SecretDesktop 2019-05-28 18.11.xcarchive/Products/Applications/SecretDesktop.app/Contents/Frameworks/libswiftCoreData.dylib'>'>: {
}
2019-05-28 09:15:41 +0000  Writing entitlements for <IDEDistributionItem: 0x7f99be572f30 'com.apple.dt.runtime.swiftCoreData' '<DVTFilePath:0x7f99bfe7b140:'/Users/takuto/Library/Developer/Xcode/Archives/2019-05-28/SecretDesktop 2019-05-28 18.11.xcarchive/Products/Applications/SecretDesktop.app/Contents/Frameworks/libswiftCoreData.dylib'>'> to: /var/folders/kg/9_m6pbfj5r975_hg511016mh0000gn/T/XcodeDistPipeline.~~~VgpAtL/entitlements~~~DGPUSm
2019-05-28 09:15:41 +0000  Running /usr/bin/codesign '-vvv' '--force' '--sign' 'A306584FD36239782DCAC641A0F1DA9A3A7F1EEA' '--entitlements' '/var/folders/kg/9_m6pbfj5r975_hg511016mh0000gn/T/XcodeDistPipeline.~~~VgpAtL/entitlements~~~DGPUSm' '--preserve-metadata=identifier,flags,runtime' '--requirements' '=designated => anchor apple generic  and identifier "$self.identifier" and ((cert leaf[field.1.2.840.113635.100.6.1.9] exists) or ( certificate 1[field.1.2.840.113635.100.6.2.6] exists and certificate leaf[field.1.2.840.113635.100.6.1.13] exists  and certificate leaf[subject.OU] = "VJ5N2X84K8" ))' '/var/folders/kg/9_m6pbfj5r975_hg511016mh0000gn/T/XcodeDistPipeline.~~~VgpAtL/Root/Applications/SecretDesktop.app/Contents/Frameworks/libswiftCoreData.dylib'
2019-05-28 09:15:41 +0000  /var/folders/kg/9_m6pbfj5r975_hg511016mh0000gn/T/XcodeDistPipeline.~~~VgpAtL/Root/Applications/SecretDesktop.app/Contents/Frameworks/libswiftCoreData.dylib: replacing existing signature
2019-05-28 09:15:41 +0000  /var/folders/kg/9_m6pbfj5r975_hg511016mh0000gn/T/XcodeDistPipeline.~~~VgpAtL/Root/Applications/SecretDesktop.app/Contents/Frameworks/libswiftCoreData.dylib: signed Mach-O thin (x86_64) [com.apple.dt.runtime.swiftCoreData]
2019-05-28 09:15:41 +0000  /usr/bin/codesign exited with 0
2019-05-28 09:15:41 +0000  Entitlements for <IDEDistributionItem: 0x7f99b887e2d0 'com.apple.dt.runtime.swiftCoreFoundation' '<DVTFilePath:0x7f99bfef96b0:'/Users/takuto/Library/Developer/Xcode/Archives/2019-05-28/SecretDesktop 2019-05-28 18.11.xcarchive/Products/Applications/SecretDesktop.app/Contents/Frameworks/libswiftCoreFoundation.dylib'>'>: {
}
2019-05-28 09:15:41 +0000  Writing entitlements for <IDEDistributionItem: 0x7f99b887e2d0 'com.apple.dt.runtime.swiftCoreFoundation' '<DVTFilePath:0x7f99bfef96b0:'/Users/takuto/Library/Developer/Xcode/Archives/2019-05-28/SecretDesktop 2019-05-28 18.11.xcarchive/Products/Applications/SecretDesktop.app/Contents/Frameworks/libswiftCoreFoundation.dylib'>'> to: /var/folders/kg/9_m6pbfj5r975_hg511016mh0000gn/T/XcodeDistPipeline.~~~VgpAtL/entitlements~~~LTjdOH
2019-05-28 09:15:41 +0000  Running /usr/bin/codesign '-vvv' '--force' '--sign' 'A306584FD36239782DCAC641A0F1DA9A3A7F1EEA' '--entitlements' '/var/folders/kg/9_m6pbfj5r975_hg511016mh0000gn/T/XcodeDistPipeline.~~~VgpAtL/entitlements~~~LTjdOH' '--preserve-metadata=identifier,flags,runtime' '--requirements' '=designated => anchor apple generic  and identifier "$self.identifier" and ((cert leaf[field.1.2.840.113635.100.6.1.9] exists) or ( certificate 1[field.1.2.840.113635.100.6.2.6] exists and certificate leaf[field.1.2.840.113635.100.6.1.13] exists  and certificate leaf[subject.OU] = "VJ5N2X84K8" ))' '/var/folders/kg/9_m6pbfj5r975_hg511016mh0000gn/T/XcodeDistPipeline.~~~VgpAtL/Root/Applications/SecretDesktop.app/Contents/Frameworks/libswiftCoreFoundation.dylib'
2019-05-28 09:15:41 +0000  /var/folders/kg/9_m6pbfj5r975_hg511016mh0000gn/T/XcodeDistPipeline.~~~VgpAtL/Root/Applications/SecretDesktop.app/Contents/Frameworks/libswiftCoreFoundation.dylib: replacing existing signature
2019-05-28 09:15:42 +0000  /var/folders/kg/9_m6pbfj5r975_hg511016mh0000gn/T/XcodeDistPipeline.~~~VgpAtL/Root/Applications/SecretDesktop.app/Contents/Frameworks/libswiftCoreFoundation.dylib: signed Mach-O thin (x86_64) [com.apple.dt.runtime.swiftCoreFoundation]
2019-05-28 09:15:42 +0000  /usr/bin/codesign exited with 0
2019-05-28 09:15:42 +0000  Entitlements for <IDEDistributionItem: 0x7f99bfe493e0 'com.apple.dt.runtime.swiftCoreGraphics' '<DVTFilePath:0x7f99bfe70e40:'/Users/takuto/Library/Developer/Xcode/Archives/2019-05-28/SecretDesktop 2019-05-28 18.11.xcarchive/Products/Applications/SecretDesktop.app/Contents/Frameworks/libswiftCoreGraphics.dylib'>'>: {
}
2019-05-28 09:15:42 +0000  Writing entitlements for <IDEDistributionItem: 0x7f99bfe493e0 'com.apple.dt.runtime.swiftCoreGraphics' '<DVTFilePath:0x7f99bfe70e40:'/Users/takuto/Library/Developer/Xcode/Archives/2019-05-28/SecretDesktop 2019-05-28 18.11.xcarchive/Products/Applications/SecretDesktop.app/Contents/Frameworks/libswiftCoreGraphics.dylib'>'> to: /var/folders/kg/9_m6pbfj5r975_hg511016mh0000gn/T/XcodeDistPipeline.~~~VgpAtL/entitlements~~~S3qkiA
2019-05-28 09:15:42 +0000  Running /usr/bin/codesign '-vvv' '--force' '--sign' 'A306584FD36239782DCAC641A0F1DA9A3A7F1EEA' '--entitlements' '/var/folders/kg/9_m6pbfj5r975_hg511016mh0000gn/T/XcodeDistPipeline.~~~VgpAtL/entitlements~~~S3qkiA' '--preserve-metadata=identifier,flags,runtime' '--requirements' '=designated => anchor apple generic  and identifier "$self.identifier" and ((cert leaf[field.1.2.840.113635.100.6.1.9] exists) or ( certificate 1[field.1.2.840.113635.100.6.2.6] exists and certificate leaf[field.1.2.840.113635.100.6.1.13] exists  and certificate leaf[subject.OU] = "VJ5N2X84K8" ))' '/var/folders/kg/9_m6pbfj5r975_hg511016mh0000gn/T/XcodeDistPipeline.~~~VgpAtL/Root/Applications/SecretDesktop.app/Contents/Frameworks/libswiftCoreGraphics.dylib'
2019-05-28 09:15:42 +0000  /var/folders/kg/9_m6pbfj5r975_hg511016mh0000gn/T/XcodeDistPipeline.~~~VgpAtL/Root/Applications/SecretDesktop.app/Contents/Frameworks/libswiftCoreGraphics.dylib: replacing existing signature
2019-05-28 09:15:42 +0000  /var/folders/kg/9_m6pbfj5r975_hg511016mh0000gn/T/XcodeDistPipeline.~~~VgpAtL/Root/Applications/SecretDesktop.app/Contents/Frameworks/libswiftCoreGraphics.dylib: signed Mach-O thin (x86_64) [com.apple.dt.runtime.swiftCoreGraphics]
2019-05-28 09:15:42 +0000  /usr/bin/codesign exited with 0
2019-05-28 09:15:42 +0000  Entitlements for <IDEDistributionItem: 0x7f99bb5d8230 'com.apple.dt.runtime.swiftCoreImage' '<DVTFilePath:0x7f99bfe680b0:'/Users/takuto/Library/Developer/Xcode/Archives/2019-05-28/SecretDesktop 2019-05-28 18.11.xcarchive/Products/Applications/SecretDesktop.app/Contents/Frameworks/libswiftCoreImage.dylib'>'>: {
}
2019-05-28 09:15:42 +0000  Writing entitlements for <IDEDistributionItem: 0x7f99bb5d8230 'com.apple.dt.runtime.swiftCoreImage' '<DVTFilePath:0x7f99bfe680b0:'/Users/takuto/Library/Developer/Xcode/Archives/2019-05-28/SecretDesktop 2019-05-28 18.11.xcarchive/Products/Applications/SecretDesktop.app/Contents/Frameworks/libswiftCoreImage.dylib'>'> to: /var/folders/kg/9_m6pbfj5r975_hg511016mh0000gn/T/XcodeDistPipeline.~~~VgpAtL/entitlements~~~Dsg1gR
2019-05-28 09:15:42 +0000  Running /usr/bin/codesign '-vvv' '--force' '--sign' 'A306584FD36239782DCAC641A0F1DA9A3A7F1EEA' '--entitlements' '/var/folders/kg/9_m6pbfj5r975_hg511016mh0000gn/T/XcodeDistPipeline.~~~VgpAtL/entitlements~~~Dsg1gR' '--preserve-metadata=identifier,flags,runtime' '--requirements' '=designated => anchor apple generic  and identifier "$self.identifier" and ((cert leaf[field.1.2.840.113635.100.6.1.9] exists) or ( certificate 1[field.1.2.840.113635.100.6.2.6] exists and certificate leaf[field.1.2.840.113635.100.6.1.13] exists  and certificate leaf[subject.OU] = "VJ5N2X84K8" ))' '/var/folders/kg/9_m6pbfj5r975_hg511016mh0000gn/T/XcodeDistPipeline.~~~VgpAtL/Root/Applications/SecretDesktop.app/Contents/Frameworks/libswiftCoreImage.dylib'
2019-05-28 09:15:42 +0000  /var/folders/kg/9_m6pbfj5r975_hg511016mh0000gn/T/XcodeDistPipeline.~~~VgpAtL/Root/Applications/SecretDesktop.app/Contents/Frameworks/libswiftCoreImage.dylib: replacing existing signature
2019-05-28 09:15:42 +0000  /var/folders/kg/9_m6pbfj5r975_hg511016mh0000gn/T/XcodeDistPipeline.~~~VgpAtL/Root/Applications/SecretDesktop.app/Contents/Frameworks/libswiftCoreImage.dylib: signed Mach-O thin (x86_64) [com.apple.dt.runtime.swiftCoreImage]
2019-05-28 09:15:42 +0000  /usr/bin/codesign exited with 0
2019-05-28 09:15:42 +0000  Entitlements for <IDEDistributionItem: 0x7f99be620cf0 'com.apple.dt.runtime.swiftDarwin' '<DVTFilePath:0x7f99bf9d00c0:'/Users/takuto/Library/Developer/Xcode/Archives/2019-05-28/SecretDesktop 2019-05-28 18.11.xcarchive/Products/Applications/SecretDesktop.app/Contents/Frameworks/libswiftDarwin.dylib'>'>: {
}
2019-05-28 09:15:42 +0000  Writing entitlements for <IDEDistributionItem: 0x7f99be620cf0 'com.apple.dt.runtime.swiftDarwin' '<DVTFilePath:0x7f99bf9d00c0:'/Users/takuto/Library/Developer/Xcode/Archives/2019-05-28/SecretDesktop 2019-05-28 18.11.xcarchive/Products/Applications/SecretDesktop.app/Contents/Frameworks/libswiftDarwin.dylib'>'> to: /var/folders/kg/9_m6pbfj5r975_hg511016mh0000gn/T/XcodeDistPipeline.~~~VgpAtL/entitlements~~~Y7Ac2q
2019-05-28 09:15:42 +0000  Running /usr/bin/codesign '-vvv' '--force' '--sign' 'A306584FD36239782DCAC641A0F1DA9A3A7F1EEA' '--entitlements' '/var/folders/kg/9_m6pbfj5r975_hg511016mh0000gn/T/XcodeDistPipeline.~~~VgpAtL/entitlements~~~Y7Ac2q' '--preserve-metadata=identifier,flags,runtime' '--requirements' '=designated => anchor apple generic  and identifier "$self.identifier" and ((cert leaf[field.1.2.840.113635.100.6.1.9] exists) or ( certificate 1[field.1.2.840.113635.100.6.2.6] exists and certificate leaf[field.1.2.840.113635.100.6.1.13] exists  and certificate leaf[subject.OU] = "VJ5N2X84K8" ))' '/var/folders/kg/9_m6pbfj5r975_hg511016mh0000gn/T/XcodeDistPipeline.~~~VgpAtL/Root/Applications/SecretDesktop.app/Contents/Frameworks/libswiftDarwin.dylib'
2019-05-28 09:15:42 +0000  /var/folders/kg/9_m6pbfj5r975_hg511016mh0000gn/T/XcodeDistPipeline.~~~VgpAtL/Root/Applications/SecretDesktop.app/Contents/Frameworks/libswiftDarwin.dylib: replacing existing signature
2019-05-28 09:15:42 +0000  /var/folders/kg/9_m6pbfj5r975_hg511016mh0000gn/T/XcodeDistPipeline.~~~VgpAtL/Root/Applications/SecretDesktop.app/Contents/Frameworks/libswiftDarwin.dylib: signed Mach-O thin (x86_64) [com.apple.dt.runtime.swiftDarwin]
2019-05-28 09:15:42 +0000  /usr/bin/codesign exited with 0
2019-05-28 09:15:42 +0000  Entitlements for <IDEDistributionItem: 0x7f99c01cb360 'com.apple.dt.runtime.swiftDispatch' '<DVTFilePath:0x7f99c01e7c80:'/Users/takuto/Library/Developer/Xcode/Archives/2019-05-28/SecretDesktop 2019-05-28 18.11.xcarchive/Products/Applications/SecretDesktop.app/Contents/Frameworks/libswiftDispatch.dylib'>'>: {
}
2019-05-28 09:15:42 +0000  Writing entitlements for <IDEDistributionItem: 0x7f99c01cb360 'com.apple.dt.runtime.swiftDispatch' '<DVTFilePath:0x7f99c01e7c80:'/Users/takuto/Library/Developer/Xcode/Archives/2019-05-28/SecretDesktop 2019-05-28 18.11.xcarchive/Products/Applications/SecretDesktop.app/Contents/Frameworks/libswiftDispatch.dylib'>'> to: /var/folders/kg/9_m6pbfj5r975_hg511016mh0000gn/T/XcodeDistPipeline.~~~VgpAtL/entitlements~~~Oyys77
2019-05-28 09:15:42 +0000  Running /usr/bin/codesign '-vvv' '--force' '--sign' 'A306584FD36239782DCAC641A0F1DA9A3A7F1EEA' '--entitlements' '/var/folders/kg/9_m6pbfj5r975_hg511016mh0000gn/T/XcodeDistPipeline.~~~VgpAtL/entitlements~~~Oyys77' '--preserve-metadata=identifier,flags,runtime' '--requirements' '=designated => anchor apple generic  and identifier "$self.identifier" and ((cert leaf[field.1.2.840.113635.100.6.1.9] exists) or ( certificate 1[field.1.2.840.113635.100.6.2.6] exists and certificate leaf[field.1.2.840.113635.100.6.1.13] exists  and certificate leaf[subject.OU] = "VJ5N2X84K8" ))' '/var/folders/kg/9_m6pbfj5r975_hg511016mh0000gn/T/XcodeDistPipeline.~~~VgpAtL/Root/Applications/SecretDesktop.app/Contents/Frameworks/libswiftDispatch.dylib'
2019-05-28 09:15:42 +0000  /var/folders/kg/9_m6pbfj5r975_hg511016mh0000gn/T/XcodeDistPipeline.~~~VgpAtL/Root/Applications/SecretDesktop.app/Contents/Frameworks/libswiftDispatch.dylib: replacing existing signature
2019-05-28 09:15:43 +0000  /var/folders/kg/9_m6pbfj5r975_hg511016mh0000gn/T/XcodeDistPipeline.~~~VgpAtL/Root/Applications/SecretDesktop.app/Contents/Frameworks/libswiftDispatch.dylib: signed Mach-O thin (x86_64) [com.apple.dt.runtime.swiftDispatch]
2019-05-28 09:15:43 +0000  /usr/bin/codesign exited with 0
2019-05-28 09:15:43 +0000  Entitlements for <IDEDistributionItem: 0x7f99bfef1a50 'com.apple.dt.runtime.swiftFoundation' '<DVTFilePath:0x7f99bf9d6d90:'/Users/takuto/Library/Developer/Xcode/Archives/2019-05-28/SecretDesktop 2019-05-28 18.11.xcarchive/Products/Applications/SecretDesktop.app/Contents/Frameworks/libswiftFoundation.dylib'>'>: {
}
2019-05-28 09:15:43 +0000  Writing entitlements for <IDEDistributionItem: 0x7f99bfef1a50 'com.apple.dt.runtime.swiftFoundation' '<DVTFilePath:0x7f99bf9d6d90:'/Users/takuto/Library/Developer/Xcode/Archives/2019-05-28/SecretDesktop 2019-05-28 18.11.xcarchive/Products/Applications/SecretDesktop.app/Contents/Frameworks/libswiftFoundation.dylib'>'> to: /var/folders/kg/9_m6pbfj5r975_hg511016mh0000gn/T/XcodeDistPipeline.~~~VgpAtL/entitlements~~~rKsmeJ
2019-05-28 09:15:43 +0000  Running /usr/bin/codesign '-vvv' '--force' '--sign' 'A306584FD36239782DCAC641A0F1DA9A3A7F1EEA' '--entitlements' '/var/folders/kg/9_m6pbfj5r975_hg511016mh0000gn/T/XcodeDistPipeline.~~~VgpAtL/entitlements~~~rKsmeJ' '--preserve-metadata=identifier,flags,runtime' '--requirements' '=designated => anchor apple generic  and identifier "$self.identifier" and ((cert leaf[field.1.2.840.113635.100.6.1.9] exists) or ( certificate 1[field.1.2.840.113635.100.6.2.6] exists and certificate leaf[field.1.2.840.113635.100.6.1.13] exists  and certificate leaf[subject.OU] = "VJ5N2X84K8" ))' '/var/folders/kg/9_m6pbfj5r975_hg511016mh0000gn/T/XcodeDistPipeline.~~~VgpAtL/Root/Applications/SecretDesktop.app/Contents/Frameworks/libswiftFoundation.dylib'
2019-05-28 09:15:43 +0000  /var/folders/kg/9_m6pbfj5r975_hg511016mh0000gn/T/XcodeDistPipeline.~~~VgpAtL/Root/Applications/SecretDesktop.app/Contents/Frameworks/libswiftFoundation.dylib: replacing existing signature
2019-05-28 09:15:43 +0000  /var/folders/kg/9_m6pbfj5r975_hg511016mh0000gn/T/XcodeDistPipeline.~~~VgpAtL/Root/Applications/SecretDesktop.app/Contents/Frameworks/libswiftFoundation.dylib: signed Mach-O thin (x86_64) [com.apple.dt.runtime.swiftFoundation]
2019-05-28 09:15:43 +0000  /usr/bin/codesign exited with 0
2019-05-28 09:15:43 +0000  Entitlements for <IDEDistributionItem: 0x7f99bfed1300 'com.apple.dt.runtime.swiftIOKit' '<DVTFilePath:0x7f99bf9d6030:'/Users/takuto/Library/Developer/Xcode/Archives/2019-05-28/SecretDesktop 2019-05-28 18.11.xcarchive/Products/Applications/SecretDesktop.app/Contents/Frameworks/libswiftIOKit.dylib'>'>: {
}
2019-05-28 09:15:43 +0000  Writing entitlements for <IDEDistributionItem: 0x7f99bfed1300 'com.apple.dt.runtime.swiftIOKit' '<DVTFilePath:0x7f99bf9d6030:'/Users/takuto/Library/Developer/Xcode/Archives/2019-05-28/SecretDesktop 2019-05-28 18.11.xcarchive/Products/Applications/SecretDesktop.app/Contents/Frameworks/libswiftIOKit.dylib'>'> to: /var/folders/kg/9_m6pbfj5r975_hg511016mh0000gn/T/XcodeDistPipeline.~~~VgpAtL/entitlements~~~b3K3se
2019-05-28 09:15:43 +0000  Running /usr/bin/codesign '-vvv' '--force' '--sign' 'A306584FD36239782DCAC641A0F1DA9A3A7F1EEA' '--entitlements' '/var/folders/kg/9_m6pbfj5r975_hg511016mh0000gn/T/XcodeDistPipeline.~~~VgpAtL/entitlements~~~b3K3se' '--preserve-metadata=identifier,flags,runtime' '--requirements' '=designated => anchor apple generic  and identifier "$self.identifier" and ((cert leaf[field.1.2.840.113635.100.6.1.9] exists) or ( certificate 1[field.1.2.840.113635.100.6.2.6] exists and certificate leaf[field.1.2.840.113635.100.6.1.13] exists  and certificate leaf[subject.OU] = "VJ5N2X84K8" ))' '/var/folders/kg/9_m6pbfj5r975_hg511016mh0000gn/T/XcodeDistPipeline.~~~VgpAtL/Root/Applications/SecretDesktop.app/Contents/Frameworks/libswiftIOKit.dylib'
2019-05-28 09:15:43 +0000  /var/folders/kg/9_m6pbfj5r975_hg511016mh0000gn/T/XcodeDistPipeline.~~~VgpAtL/Root/Applications/SecretDesktop.app/Contents/Frameworks/libswiftIOKit.dylib: replacing existing signature
2019-05-28 09:15:43 +0000  /var/folders/kg/9_m6pbfj5r975_hg511016mh0000gn/T/XcodeDistPipeline.~~~VgpAtL/Root/Applications/SecretDesktop.app/Contents/Frameworks/libswiftIOKit.dylib: signed Mach-O thin (x86_64) [com.apple.dt.runtime.swiftIOKit]
2019-05-28 09:15:43 +0000  /usr/bin/codesign exited with 0
2019-05-28 09:15:43 +0000  Entitlements for <IDEDistributionItem: 0x7f99ba3ea660 'com.apple.dt.runtime.swiftMetal' '<DVTFilePath:0x7f99bfe8b010:'/Users/takuto/Library/Developer/Xcode/Archives/2019-05-28/SecretDesktop 2019-05-28 18.11.xcarchive/Products/Applications/SecretDesktop.app/Contents/Frameworks/libswiftMetal.dylib'>'>: {
}
2019-05-28 09:15:43 +0000  Writing entitlements for <IDEDistributionItem: 0x7f99ba3ea660 'com.apple.dt.runtime.swiftMetal' '<DVTFilePath:0x7f99bfe8b010:'/Users/takuto/Library/Developer/Xcode/Archives/2019-05-28/SecretDesktop 2019-05-28 18.11.xcarchive/Products/Applications/SecretDesktop.app/Contents/Frameworks/libswiftMetal.dylib'>'> to: /var/folders/kg/9_m6pbfj5r975_hg511016mh0000gn/T/XcodeDistPipeline.~~~VgpAtL/entitlements~~~n6xB20
2019-05-28 09:15:43 +0000  Running /usr/bin/codesign '-vvv' '--force' '--sign' 'A306584FD36239782DCAC641A0F1DA9A3A7F1EEA' '--entitlements' '/var/folders/kg/9_m6pbfj5r975_hg511016mh0000gn/T/XcodeDistPipeline.~~~VgpAtL/entitlements~~~n6xB20' '--preserve-metadata=identifier,flags,runtime' '--requirements' '=designated => anchor apple generic  and identifier "$self.identifier" and ((cert leaf[field.1.2.840.113635.100.6.1.9] exists) or ( certificate 1[field.1.2.840.113635.100.6.2.6] exists and certificate leaf[field.1.2.840.113635.100.6.1.13] exists  and certificate leaf[subject.OU] = "VJ5N2X84K8" ))' '/var/folders/kg/9_m6pbfj5r975_hg511016mh0000gn/T/XcodeDistPipeline.~~~VgpAtL/Root/Applications/SecretDesktop.app/Contents/Frameworks/libswiftMetal.dylib'
2019-05-28 09:15:43 +0000  /var/folders/kg/9_m6pbfj5r975_hg511016mh0000gn/T/XcodeDistPipeline.~~~VgpAtL/Root/Applications/SecretDesktop.app/Contents/Frameworks/libswiftMetal.dylib: replacing existing signature
2019-05-28 09:15:44 +0000  /var/folders/kg/9_m6pbfj5r975_hg511016mh0000gn/T/XcodeDistPipeline.~~~VgpAtL/Root/Applications/SecretDesktop.app/Contents/Frameworks/libswiftMetal.dylib: signed Mach-O thin (x86_64) [com.apple.dt.runtime.swiftMetal]
2019-05-28 09:15:44 +0000  /usr/bin/codesign exited with 0
2019-05-28 09:15:44 +0000  Entitlements for <IDEDistributionItem: 0x7f99bfef22c0 'com.apple.dt.runtime.swiftObjectiveC' '<DVTFilePath:0x7f99bfe60a90:'/Users/takuto/Library/Developer/Xcode/Archives/2019-05-28/SecretDesktop 2019-05-28 18.11.xcarchive/Products/Applications/SecretDesktop.app/Contents/Frameworks/libswiftObjectiveC.dylib'>'>: {
}
2019-05-28 09:15:44 +0000  Writing entitlements for <IDEDistributionItem: 0x7f99bfef22c0 'com.apple.dt.runtime.swiftObjectiveC' '<DVTFilePath:0x7f99bfe60a90:'/Users/takuto/Library/Developer/Xcode/Archives/2019-05-28/SecretDesktop 2019-05-28 18.11.xcarchive/Products/Applications/SecretDesktop.app/Contents/Frameworks/libswiftObjectiveC.dylib'>'> to: /var/folders/kg/9_m6pbfj5r975_hg511016mh0000gn/T/XcodeDistPipeline.~~~VgpAtL/entitlements~~~JdpIuZ
2019-05-28 09:15:44 +0000  Running /usr/bin/codesign '-vvv' '--force' '--sign' 'A306584FD36239782DCAC641A0F1DA9A3A7F1EEA' '--entitlements' '/var/folders/kg/9_m6pbfj5r975_hg511016mh0000gn/T/XcodeDistPipeline.~~~VgpAtL/entitlements~~~JdpIuZ' '--preserve-metadata=identifier,flags,runtime' '--requirements' '=designated => anchor apple generic  and identifier "$self.identifier" and ((cert leaf[field.1.2.840.113635.100.6.1.9] exists) or ( certificate 1[field.1.2.840.113635.100.6.2.6] exists and certificate leaf[field.1.2.840.113635.100.6.1.13] exists  and certificate leaf[subject.OU] = "VJ5N2X84K8" ))' '/var/folders/kg/9_m6pbfj5r975_hg511016mh0000gn/T/XcodeDistPipeline.~~~VgpAtL/Root/Applications/SecretDesktop.app/Contents/Frameworks/libswiftObjectiveC.dylib'
2019-05-28 09:15:44 +0000  /var/folders/kg/9_m6pbfj5r975_hg511016mh0000gn/T/XcodeDistPipeline.~~~VgpAtL/Root/Applications/SecretDesktop.app/Contents/Frameworks/libswiftObjectiveC.dylib: replacing existing signature
2019-05-28 09:15:44 +0000  /var/folders/kg/9_m6pbfj5r975_hg511016mh0000gn/T/XcodeDistPipeline.~~~VgpAtL/Root/Applications/SecretDesktop.app/Contents/Frameworks/libswiftObjectiveC.dylib: signed Mach-O thin (x86_64) [com.apple.dt.runtime.swiftObjectiveC]
2019-05-28 09:15:44 +0000  /usr/bin/codesign exited with 0
2019-05-28 09:15:44 +0000  Entitlements for <IDEDistributionItem: 0x7f99bf134790 'com.apple.dt.runtime.swiftQuartzCore' '<DVTFilePath:0x7f99bf9d1d70:'/Users/takuto/Library/Developer/Xcode/Archives/2019-05-28/SecretDesktop 2019-05-28 18.11.xcarchive/Products/Applications/SecretDesktop.app/Contents/Frameworks/libswiftQuartzCore.dylib'>'>: {
}
2019-05-28 09:15:44 +0000  Writing entitlements for <IDEDistributionItem: 0x7f99bf134790 'com.apple.dt.runtime.swiftQuartzCore' '<DVTFilePath:0x7f99bf9d1d70:'/Users/takuto/Library/Developer/Xcode/Archives/2019-05-28/SecretDesktop 2019-05-28 18.11.xcarchive/Products/Applications/SecretDesktop.app/Contents/Frameworks/libswiftQuartzCore.dylib'>'> to: /var/folders/kg/9_m6pbfj5r975_hg511016mh0000gn/T/XcodeDistPipeline.~~~VgpAtL/entitlements~~~lRaYup
2019-05-28 09:15:44 +0000  Running /usr/bin/codesign '-vvv' '--force' '--sign' 'A306584FD36239782DCAC641A0F1DA9A3A7F1EEA' '--entitlements' '/var/folders/kg/9_m6pbfj5r975_hg511016mh0000gn/T/XcodeDistPipeline.~~~VgpAtL/entitlements~~~lRaYup' '--preserve-metadata=identifier,flags,runtime' '--requirements' '=designated => anchor apple generic  and identifier "$self.identifier" and ((cert leaf[field.1.2.840.113635.100.6.1.9] exists) or ( certificate 1[field.1.2.840.113635.100.6.2.6] exists and certificate leaf[field.1.2.840.113635.100.6.1.13] exists  and certificate leaf[subject.OU] = "VJ5N2X84K8" ))' '/var/folders/kg/9_m6pbfj5r975_hg511016mh0000gn/T/XcodeDistPipeline.~~~VgpAtL/Root/Applications/SecretDesktop.app/Contents/Frameworks/libswiftQuartzCore.dylib'
2019-05-28 09:15:44 +0000  /var/folders/kg/9_m6pbfj5r975_hg511016mh0000gn/T/XcodeDistPipeline.~~~VgpAtL/Root/Applications/SecretDesktop.app/Contents/Frameworks/libswiftQuartzCore.dylib: replacing existing signature
2019-05-28 09:15:44 +0000  /var/folders/kg/9_m6pbfj5r975_hg511016mh0000gn/T/XcodeDistPipeline.~~~VgpAtL/Root/Applications/SecretDesktop.app/Contents/Frameworks/libswiftQuartzCore.dylib: signed Mach-O thin (x86_64) [com.apple.dt.runtime.swiftQuartzCore]
2019-05-28 09:15:44 +0000  /usr/bin/codesign exited with 0
2019-05-28 09:15:44 +0000  Entitlements for <IDEDistributionItem: 0x7f99b9cf9630 'com.apple.dt.runtime.swiftXPC' '<DVTFilePath:0x7f99bfb91900:'/Users/takuto/Library/Developer/Xcode/Archives/2019-05-28/SecretDesktop 2019-05-28 18.11.xcarchive/Products/Applications/SecretDesktop.app/Contents/Frameworks/libswiftXPC.dylib'>'>: {
}
2019-05-28 09:15:44 +0000  Writing entitlements for <IDEDistributionItem: 0x7f99b9cf9630 'com.apple.dt.runtime.swiftXPC' '<DVTFilePath:0x7f99bfb91900:'/Users/takuto/Library/Developer/Xcode/Archives/2019-05-28/SecretDesktop 2019-05-28 18.11.xcarchive/Products/Applications/SecretDesktop.app/Contents/Frameworks/libswiftXPC.dylib'>'> to: /var/folders/kg/9_m6pbfj5r975_hg511016mh0000gn/T/XcodeDistPipeline.~~~VgpAtL/entitlements~~~zjVefn
2019-05-28 09:15:44 +0000  Running /usr/bin/codesign '-vvv' '--force' '--sign' 'A306584FD36239782DCAC641A0F1DA9A3A7F1EEA' '--entitlements' '/var/folders/kg/9_m6pbfj5r975_hg511016mh0000gn/T/XcodeDistPipeline.~~~VgpAtL/entitlements~~~zjVefn' '--preserve-metadata=identifier,flags,runtime' '--requirements' '=designated => anchor apple generic  and identifier "$self.identifier" and ((cert leaf[field.1.2.840.113635.100.6.1.9] exists) or ( certificate 1[field.1.2.840.113635.100.6.2.6] exists and certificate leaf[field.1.2.840.113635.100.6.1.13] exists  and certificate leaf[subject.OU] = "VJ5N2X84K8" ))' '/var/folders/kg/9_m6pbfj5r975_hg511016mh0000gn/T/XcodeDistPipeline.~~~VgpAtL/Root/Applications/SecretDesktop.app/Contents/Frameworks/libswiftXPC.dylib'
2019-05-28 09:15:44 +0000  /var/folders/kg/9_m6pbfj5r975_hg511016mh0000gn/T/XcodeDistPipeline.~~~VgpAtL/Root/Applications/SecretDesktop.app/Contents/Frameworks/libswiftXPC.dylib: replacing existing signature
2019-05-28 09:15:44 +0000  /var/folders/kg/9_m6pbfj5r975_hg511016mh0000gn/T/XcodeDistPipeline.~~~VgpAtL/Root/Applications/SecretDesktop.app/Contents/Frameworks/libswiftXPC.dylib: signed Mach-O thin (x86_64) [com.apple.dt.runtime.swiftXPC]
2019-05-28 09:15:44 +0000  
2019-05-28 09:15:44 +0000  /usr/bin/codesign exited with 0
2019-05-28 09:15:44 +0000  Entitlements for <IDEDistributionItem: 0x7f99c01e30f0 'com.apple.dt.runtime.swiftos' '<DVTFilePath:0x7f99bf9955e0:'/Users/takuto/Library/Developer/Xcode/Archives/2019-05-28/SecretDesktop 2019-05-28 18.11.xcarchive/Products/Applications/SecretDesktop.app/Contents/Frameworks/libswiftos.dylib'>'>: {
}
2019-05-28 09:15:44 +0000  Writing entitlements for <IDEDistributionItem: 0x7f99c01e30f0 'com.apple.dt.runtime.swiftos' '<DVTFilePath:0x7f99bf9955e0:'/Users/takuto/Library/Developer/Xcode/Archives/2019-05-28/SecretDesktop 2019-05-28 18.11.xcarchive/Products/Applications/SecretDesktop.app/Contents/Frameworks/libswiftos.dylib'>'> to: /var/folders/kg/9_m6pbfj5r975_hg511016mh0000gn/T/XcodeDistPipeline.~~~VgpAtL/entitlements~~~ZCpxlZ
2019-05-28 09:15:44 +0000  Running /usr/bin/codesign '-vvv' '--force' '--sign' 'A306584FD36239782DCAC641A0F1DA9A3A7F1EEA' '--entitlements' '/var/folders/kg/9_m6pbfj5r975_hg511016mh0000gn/T/XcodeDistPipeline.~~~VgpAtL/entitlements~~~ZCpxlZ' '--preserve-metadata=identifier,flags,runtime' '--requirements' '=designated => anchor apple generic  and identifier "$self.identifier" and ((cert leaf[field.1.2.840.113635.100.6.1.9] exists) or ( certificate 1[field.1.2.840.113635.100.6.2.6] exists and certificate leaf[field.1.2.840.113635.100.6.1.13] exists  and certificate leaf[subject.OU] = "VJ5N2X84K8" ))' '/var/folders/kg/9_m6pbfj5r975_hg511016mh0000gn/T/XcodeDistPipeline.~~~VgpAtL/Root/Applications/SecretDesktop.app/Contents/Frameworks/libswiftos.dylib'
2019-05-28 09:15:44 +0000  /var/folders/kg/9_m6pbfj5r975_hg511016mh0000gn/T/XcodeDistPipeline.~~~VgpAtL/Root/Applications/SecretDesktop.app/Contents/Frameworks/libswiftos.dylib: replacing existing signature
2019-05-28 09:15:45 +0000  /var/folders/kg/9_m6pbfj5r975_hg511016mh0000gn/T/XcodeDistPipeline.~~~VgpAtL/Root/Applications/SecretDesktop.app/Contents/Frameworks/libswiftos.dylib: signed Mach-O thin (x86_64) [com.apple.dt.runtime.swiftos]
2019-05-28 09:15:45 +0000  /usr/bin/codesign exited with 0
2019-05-28 09:15:45 +0000  Entitlements for <IDEDistributionItem: 0x7f99bfeb4680 'com.kyome.SecretDesktop' '<DVTFilePath:0x7f99bf13ad90:'/Users/takuto/Library/Developer/Xcode/Archives/2019-05-28/SecretDesktop 2019-05-28 18.11.xcarchive/Products/Applications/SecretDesktop.app'>'>: {
    "com.apple.security.app-sandbox" = 1;
    "com.apple.security.files.user-selected.read-only" = 1;
}
2019-05-28 09:15:45 +0000  Writing entitlements for <IDEDistributionItem: 0x7f99bfeb4680 'com.kyome.SecretDesktop' '<DVTFilePath:0x7f99bf13ad90:'/Users/takuto/Library/Developer/Xcode/Archives/2019-05-28/SecretDesktop 2019-05-28 18.11.xcarchive/Products/Applications/SecretDesktop.app'>'> to: /var/folders/kg/9_m6pbfj5r975_hg511016mh0000gn/T/XcodeDistPipeline.~~~VgpAtL/entitlements~~~mFqSGS
2019-05-28 09:15:45 +0000  Running /usr/bin/codesign '-vvv' '--force' '--sign' 'A306584FD36239782DCAC641A0F1DA9A3A7F1EEA' '--entitlements' '/var/folders/kg/9_m6pbfj5r975_hg511016mh0000gn/T/XcodeDistPipeline.~~~VgpAtL/entitlements~~~mFqSGS' '--preserve-metadata=identifier,flags,runtime' '--requirements' '=designated => anchor apple generic  and identifier "$self.identifier" and ((cert leaf[field.1.2.840.113635.100.6.1.9] exists) or ( certificate 1[field.1.2.840.113635.100.6.2.6] exists and certificate leaf[field.1.2.840.113635.100.6.1.13] exists  and certificate leaf[subject.OU] = "VJ5N2X84K8" ))' '/var/folders/kg/9_m6pbfj5r975_hg511016mh0000gn/T/XcodeDistPipeline.~~~VgpAtL/Root/Applications/SecretDesktop.app'
2019-05-28 09:15:45 +0000  /var/folders/kg/9_m6pbfj5r975_hg511016mh0000gn/T/XcodeDistPipeline.~~~VgpAtL/Root/Applications/SecretDesktop.app: replacing existing signature
2019-05-28 09:15:45 +0000  /var/folders/kg/9_m6pbfj5r975_hg511016mh0000gn/T/XcodeDistPipeline.~~~VgpAtL/Root/Applications/SecretDesktop.app: signed app bundle with Mach-O thin (x86_64) [com.kyome.SecretDesktop]
2019-05-28 09:15:45 +0000  /usr/bin/codesign exited with 0
2019-05-28 09:15:45 +0000  Processing step: IDEDistributionZipODRItemStep
2019-05-28 09:15:45 +0000  Skipping step: IDEDistributionZipODRItemStep because it said so
2019-05-28 09:15:45 +0000  Skipping step: IDEDistributionZipODRItemStep because it said so
2019-05-28 09:15:45 +0000  Skipping step: IDEDistributionZipODRItemStep because it said so
2019-05-28 09:15:45 +0000  Skipping step: IDEDistributionZipODRItemStep because it said so
2019-05-28 09:15:45 +0000  Skipping step: IDEDistributionZipODRItemStep because it said so
2019-05-28 09:15:45 +0000  Skipping step: IDEDistributionZipODRItemStep because it said so
2019-05-28 09:15:45 +0000  Skipping step: IDEDistributionZipODRItemStep because it said so
2019-05-28 09:15:45 +0000  Skipping step: IDEDistributionZipODRItemStep because it said so
2019-05-28 09:15:45 +0000  Skipping step: IDEDistributionZipODRItemStep because it said so
2019-05-28 09:15:45 +0000  Skipping step: IDEDistributionZipODRItemStep because it said so
2019-05-28 09:15:45 +0000  Skipping step: IDEDistributionZipODRItemStep because it said so
2019-05-28 09:15:45 +0000  Skipping step: IDEDistributionZipODRItemStep because it said so
2019-05-28 09:15:45 +0000  Skipping step: IDEDistributionZipODRItemStep because it said so
2019-05-28 09:15:45 +0000  Skipping step: IDEDistributionZipODRItemStep because it said so
2019-05-28 09:15:45 +0000  Skipping step: IDEDistributionZipODRItemStep because it said so
2019-05-28 09:15:45 +0000  Skipping step: IDEDistributionZipODRItemStep because it said so
2019-05-28 09:15:45 +0000  Processing step: IDEDistributionSkipPackagingStep
2019-05-28 09:15:45 +0000  Processing step: IDEDistributionAppStoreInformationStep
2019-05-28 09:15:45 +0000  Skipping step: IDEDistributionAppStoreInformationStep because it said so
2019-05-28 09:15:45 +0000  Processing step: IDEDistributionCreateManifestStep
2019-05-28 09:15:45 +0000  Skipping step: IDEDistributionCreateManifestStep because it said so
